  Building Custom Rule D:/desktop/SDK/master_220107/master/vatek_sdk_2/api/core/CMakeLists.txt
  chip_define.c
  calibration_define.c
  output_modulator.c
  output_rfmixer.c
  storage_section.c
  storage_default.c
  stream_base.c
  stream_encoder.c
  device_usb.c
  tool_binary_crc.c
  tool_bufstream.c
  tool_crc32.c
  tool_dvb.c
  tool_dvb_t2.c
  tool_dtmb.c
  tool_ofdm.c
  tool_helpful_bitstream.c
  tool_helpful_circlebuf.c
  tool_helpful_fifo.c
  tool_helpful_mempool.c
  正在產生程式碼...
  正在編譯...
  tool_helpful_memquery.c
  tool_helpful_objectlist.c
  tool_isdb_t.c
  tool_j83abc.c
  tool_8vsb.c
D:\desktop\SDK\master_220107\master\vatek_sdk_2\api\core\src\core\tool_8vsb.c(1,1): warning C4819: 檔案含有無法在目前字碼頁 (950) 中表示的字元。請以 Unicode 格式儲存檔案以防止資料遺失
  tool_output.c
  ui_props_api.c
  cross_bridge.c
  cross_bridge_board.c
  cross_os_api.c
  cross_os_socket.c
  cross_stream.c
  cross_stream_file.c
  cross_stream_test.c
  cross_stream_udp.c
  cross_stream_mux.c
  cross_usb_device_libusb.c
  libusb_tool.c
  cross_device_bridge.c
  cross_device_tool.c
  正在產生程式碼...
  正在編譯...
  cross_device_usb.c
  mux_usbstream.c
  mux_epg.c
  mux_hadnel_playload.c
  mux_handle_broadcast.c
  mux_handle_channel.c
  mux_handle_core.c
  mux_handle_raw.c
  mux_packet_base.c
  mux_packet_pes.c
  mux_rule.c
  mux_spec.c
  mux_time.c
  mux_tool_tick.c
  win_os_bridge.c
  win_os_common.c
  win_os_event_api.c
  win_os_mutex_api.c
  win_os_process.c
  win_os_smem_api.c
  正在產生程式碼...
  正在編譯...
  win_os_sys_api.c
  win_os_thread_api.c
  win_os_time_api.c
  win_os_uart_api.c
  vatek_sdk_base.c
  vatek_sdk_bridge.c
  vatek_sdk_broadcast.c
  vatek_sdk_device.c
  vatek_sdk_storage.c
  vatek_sdk_transform.c
  vatek_sdk_usbmux.c
  vatek_sdk_usbstream.c
  service_base.c
  service_broadcast.c
  service_transform.c
  正在產生程式碼...
  libvatek_core_static.vcxproj -> D:\desktop\SDK\master_220107\master\vatek_sdk_2\extend\tsduck-vatek\bin\lib\Debug\libvatek_core_static.lib
